[2025-08-12 22:58:27,399] 16 root - INFO - Initiate the data ingestion
[2025-08-12 22:58:27,838] 34 root - INFO - Exporting collection from MongoDB to DataFrame...
[2025-08-12 22:58:30,572] 44 root - INFO - Exported 11055 rows from MongoDB.
[2025-08-12 22:58:30,572] 53 root - INFO - Saving DataFrame to feature store...
[2025-08-12 22:58:30,665] 60 root - INFO - Saved feature store at Artifacts\08_12_2025_22_58_24\data_ingestion\feature_store\phisingData.csv
[2025-08-12 22:58:30,666] 72 root - INFO - Performing train-test split...
[2025-08-12 22:58:30,675] 76 root - INFO - Performed train test split on the dataframe
[2025-08-12 22:58:30,676] 78 root - INFO - Exited split_data_as_train_test method of Data_Ingestion class
[2025-08-12 22:58:30,677] 84 root - INFO - Exporting train and test file path.
[2025-08-12 22:58:30,767] 93 root - INFO - Exported train and test file path.
[2025-08-12 22:58:30,768] 21 root - INFO - Data Initiation Completed
[2025-08-12 22:58:30,768] 23 root - INFO - Initiate Data validation
[2025-08-12 22:58:30,894] 33 root - INFO - Required number of columns:2
[2025-08-12 22:58:30,894] 34 root - INFO - Data frame has columns:31
[2025-08-12 22:58:30,895] 33 root - INFO - Required number of columns:2
[2025-08-12 22:58:30,895] 34 root - INFO - Data frame has columns:31
[2025-08-12 22:58:31,130] 28 root - INFO - Data validation completed
[2025-08-12 22:58:31,131] 30 root - INFO - Data Tranformation started
[2025-08-12 22:58:31,131] 61 root - INFO - Entered initiate_data_transformation method of DataTransformation class
[2025-08-12 22:58:31,131] 63 root - INFO - Starting data transformation
[2025-08-12 22:58:31,168] 47 root - INFO - Entered get_data_transformer_object method of Transformation class
[2025-08-12 22:58:31,169] 52 root - INFO - Initialise KNNImputer with {'missing_values': nan, 'n_neighbors': 3, 'weights': 'uniform'}
[2025-08-12 22:58:31,210] 47 root - INFO - Entered the save_object method of MainUtils class
[2025-08-12 22:58:31,214] 51 root - INFO - Exited the save_object method of MainUtils class
[2025-08-12 22:58:31,214] 47 root - INFO - Entered the save_object method of MainUtils class
[2025-08-12 22:58:31,221] 51 root - INFO - Exited the save_object method of MainUtils class
[2025-08-12 22:58:31,236] 35 root - INFO - Data Transformation Completed
[2025-08-12 22:58:31,238] 37 root - INFO - Model Training Started
[2025-08-12 23:17:34,634] 47 root - INFO - Entered the save_object method of MainUtils class
[2025-08-12 23:17:34,651] 51 root - INFO - Exited the save_object method of MainUtils class
[2025-08-12 23:17:34,651] 47 root - INFO - Entered the save_object method of MainUtils class
[2025-08-12 23:17:34,824] 51 root - INFO - Exited the save_object method of MainUtils class
[2025-08-12 23:17:34,828] 112 root - INFO - Model trainer artifact: ModelTrainerArtifact(trained_model_file_path='Artifacts\\08_12_2025_22_58_24\\model_trainer\\trained_model\\model.pkl', train_metric_artifact=ClassificationMetricArtifact(f1_score=0.9915254237288136, precision_score=0.987540192926045, recall_score=0.9955429497568882), test_metric_artifact=ClassificationMetricArtifact(f1_score=0.9722780233025311, precision_score=0.9542586750788643, recall_score=0.990990990990991))
[2025-08-12 23:17:34,844] 41 root - INFO - Model training artifact created
